<?xml version='1.0' encoding='UTF-8'?>
<testsuite hostname="DESKTOP-KFGN6E2" name="PListTest" tests="2" errors="0" failures="0" skipped="0" time="0.014" timestamp="2024-10-13T18:26:47">
          <properties>
[...]
</properties>
          <testcase classname="PListTest" name="A PList should display properly" time="0.014">
                      
                    </testcase><testcase classname="PListTest" name="A PList should be reversed correctly" time="0.0">
                      
                    </testcase>
          <system-out><![CDATA[]]></system-out>
          <system-err><![CDATA[]]></system-err>
        </testsuite>